Scanning:olskjaer.dk
>>Login Ok<<

>>Get Devices 4096, 9312, 9306, 9421, 9321, 9302, 9308, 9386, 9307, 9319, 14965, 4094, 3590, 9305, 4175, 4097, 3579, 37227, 37225, 51556, 8034, 6211, 6256, 6252, 6275, 6255, 6246, 6250, 6206, 6251, 6247<<

4096
>>Get Type 1<<

>>Get Name 'Loftslys'<<

9312
>>Get Type 1<<

>>Get Name 'Loftslys'<<

9306
>>Get Type 1<<

>>Get Name 'Loftlys'<<

9421
>>Get Type 1<<

>>Get Name 'Spejllys'<<

9321
>>Get Type 1<<

>>Get Name 'Loftslys'<<

9302
>>Get Type 1<<

>>Get Name 'Spisebord'<<

9308
>>Get Type 1<<

>>Get Name 'Loftslys'<<

9386
>>Get Type 1<<

>>Get Name 'Loftslys'<<

9307
>>Get Type 1<<

>>Get Name 'Sofagruppe'<<

9319
>>Get Type 1<<

>>Get Name 'Loftslys'<<

14965
>>Get Type 1<<

>>Get Name 'Bruges ikke'<<

4094
>>Get Type 1<<

>>Get Name 'Bruges ikke'<<

3590
>>Get Type Timeout<<

>>Get Name Timeout<<

9305
>>Get Type 1<<

>>Get Name 'Loftslys'<<

4175
>>Get Type 1<<

>>Get Name 'Bruges ikke'<<

4097
>>Get Type 1<<

>>Get Name 'Bruges ikke'<<

3579
>>Get Type 1<<

>>Get Name 'Lys'<<

37227
>>Get Type 1<<

>>Get Name 'Loftslys'<<

37225
>>Get Type 1<<

>>Get Name 'K√∏kkenbord'<<

51556
>>Get Type 1<<

>>Get Name 'Facadelys'<<

8034
>>Get Type 108<<

>>Get Name 'Ganglys'<<

6211
>>Get Type 4<<

>>Get Name 'S8'<<

6256
>>Get Type 4<<

>>Get Name 'S1'<<

6252
>>Get Type 4<<

>>Get Name 'S2 -TV'<<

6275
>>Get Type 4<<

>>Get Name 'S3 -TV'<<

6255
>>Get Type 4<<

>>Get Name 'S4'<<

6246
>>Get Type Timeout<<

>>Get Name Timeout<<

6250
>>Get Type 4<<

>>Get Name 'S6 - Lader'<<

6206
>>Get Type 4<<

>>Get Name 'S7'<<

6251
>>Get Type 4<<

>>Get Name 'S9'<<

6247

>>Get Type 4<<

>>Get Name 'S10'<<

Scanning complete:olskjaer.dk
Scanning:olskjaer.dk
>>Login Ok<<

>>Get Devices 4096, 9312, 9306, 9421, 9321, 9302, 9308, 9386, 9307, 9319, 14965, 4094, 3590, 9305, 4175, 4097, 3579, 37227, 37225, 51556, 8034, 6211, 6256, 6252, 6275, 6255, 6246, 6250, 6206, 6251, 6247, 9999<<

4096
>>Get Type 1<<

>>Get Name 'Loftslys'<<

9312
>>Get Type 1<<

>>Get Name 'Loftslys'<<

9306
>>Get Type 1<<

>>Get Name 'Loftlys'<<

9421
>>Get Type 1<<

>>Get Name 'Spejllys'<<

9321
>>Get Type 1<<

>>Get Name 'Loftslys'<<

9302
>>Get Type 1<<

>>Get Name 'Spisebord'<<

9308
>>Get Type 1<<

>>Get Name 'Loftslys'<<

9386
>>Get Type 1<<

>>Get Name 'Loftslys'<<

9307
>>Get Type 1<<

>>Get Name 'Sofagruppe'<<

9319
>>Get Type 1<<

>>Get Name 'Loftslys'<<

14965
>>Get Type 1<<

>>Get Name 'Bruges ikke'<<

4094
>>Get Type 1<<

>>Get Name 'Bruges ikke'<<

3590
>>Get Type 1<<

>>Get Name 'Lys Spejl'<<

9305
>>Get Type 1<<

>>Get Name 'Loftslys'<<

4175
>>Get Type 1<<

>>Get Name 'Bruges ikke'<<

4097
>>Get Type 1<<

>>Get Name 'Bruges ikke'<<

3579
>>Get Type 1<<

>>Get Name 'Lys'<<

37227
>>Get Type 1<<

>>Get Name 'Loftslys'<<

37225
>>Get Type 1<<

>>Get Name 'K√∏kkenbord'<<

51556
>>Get Type 1<<

>>Get Name 'Facadelys'<<

8034
>>Get Type 108<<

>>Get Name 'Ganglys'<<

6211
>>Get Type 4<<

>>Get Name 'S8'<<

6256
>>Get Type 4<<

>>Get Name 'S1'<<

6252
>>Get Type 4<<

>>Get Name 'S2 -TV'<<

6275
>>Get Type 4<<

>>Get Name 'S3 -TV'<<

6255
>>Get Type 4<<

>>Get Name 'S4'<<

6246
>>Get Type 18829<<

>>Get Name 'S5'<<

6250
>>Get Type 4<<

>>Get Name 'S6 - Lader'<<

6206
>>Get Type 4<<

>>Get Name 'S7'<<

6251
>>Get Type 4<<

>>Get Name 'S9'<<

6247
>>Get Type 4<<

>>Get Name 'S10'<<

9999

>>Get Type Timeout<<

>>Get Name Timeout<<

Scanning complete:olskjaer.dk
Scanning:id=&quot;inputForm&quot;
Scanning:https://whatismyipaddress.com/ip/87.48.18.241=&quot;inputForm&quot;
Scanning:87.48.18.241=&quot;inputForm&quot;
Scanning:852716452
Scanning:852716452
Scanning:852716452
Scanning:852716452
Scanning:85.27.164.52
>>Login Ok<<

>>Get Devices 66342, 66728, 66343, 66340, 66341, 66355, 66739, 66643, 59305, 66344, 66649, 66642, 84120, 66733, 65678<<

66342
>>Get Type 1<<

>>Get Name 'Lampe, Simone'<<

66728
>>Get Type 4<<

>>Get Name 'Stikkontakt, En'<<

66343
>>Get Type 1<<

>>Get Name 'Kobberlampe'<<

66340
>>Get Type 1<<

>>Get Name 'Lamper, spisebo'<<

66341
>>Get Type 1<<

>>Get Name 'Lamper v/k√∏kke'<<

66355
>>Get Type 1<<

>>Get Name 'Spot i k√∏kken'<<

66739
>>Get Type 4<<

>>Get Name 'Stikkontakt, k√'<<

66643
>>Get Type 1<<

>>Get Name 'Spot, Entr√©'<<

59305
>>Get Type Timeout<<

>>Get Name Timeout<<

66344
>>Get Type 1<<

>>Get Name 'Lampe, Nicoline'<<

66649
>>Get Type 1<<

>>Get Name 'Spot, badev√¶re'<<

66642
>>Get Type 1<<

>>Get Name 'Spot, bruser'<<

84120
>>Get Type 6<<

>>Get Name 'Spot, baggang'<<

66733
>>Get Type 4<<

>>Get Name 'Stikkontakt, ba'<<

65678

>>Get Type 4<<

>>Get Name 'Stikkontakt Spe'<<

Scanning complete:85.27.164.52
Scanning:
Scanning:olskjaer.dk
>>Login Ok<<

>>Get Devices 4096, 9312, 9306, 9421, 9321, 9302, 9308, 9386, 9307, 9319, 14965, 4094, 3590, 9305, 4175, 4097, 3579, 37227, 37225, 51556, 8034, 6211, 6256, 6252, 6275, 6255, 6246, 6250, 6206, 6251, 6247, 95288, 9303, 18732, 6274<<

4096
>>Get Type Timeout<<

>>Get Name Timeout<<

9312
>>Get Type 1<<

>>Get Name 'Loftslys'<<

9306
>>Get Type 1<<

>>Get Name 'Loftlys'<<

9421
>>Get Type 1<<

>>Get Name 'Spejllys'<<

9321
>>Get Type 1<<

>>Get Name 'Loftslys'<<

9302
>>Get Type 1<<

>>Get Name 'Spisebord'<<

9308
>>Get Type 1<<

>>Get Name 'Loftslys'<<

9386
>>Get Type 1<<

>>Get Name 'Loftslys'<<

9307
>>Get Type 1<<

>>Get Name 'Sofagruppe'<<

9319
>>Get Type 1<<

>>Get Name 'Loftslys'<<

14965
>>Get Type 1<<

>>Get Name 'Bruges ikke'<<

4094
>>Get Type 1<<

>>Get Name 'Bruges ikke'<<

3590
>>Get Type 1<<

>>Get Name 'Lys Spejl'<<

9305
>>Get Type 1<<

>>Get Name 'Loftslys'<<

4175
>>Get Type 1<<

>>Get Name 'Bruges ikke'<<

4097
>>Get Type 1<<

>>Get Name 'Bruges ikke'<<

3579
>>Get Type 1<<

>>Get Name 'Lys'<<

37227
>>Get Type 1<<

>>Get Name 'Loftslys'<<

37225
>>Get Type 1<<

>>Get Name 'K√∏kkenbord'<<

51556
>>Get Type 1<<

>>Get Name 'Facadelys'<<

8034
>>Get Type 108<<

>>Get Name 'Ganglys'<<

6211
>>Get Type 4<<

>>Get Name 'S8'<<

6256
>>Get Type Timeout<<

>>Get Name Timeout<<

6252
>>Get Type 4<<

>>Get Name 'S2 -TV'<<

6275
>>Get Type 4<<

>>Get Name 'S3 -TV'<<

6255
>>Get Type 4<<

>>Get Name 'S4'<<

6246
>>Get Type Timeout<<

>>Get Name Timeout<<

6250
>>Get Type 4<<

>>Get Name 'S6 - Lader'<<

6206
>>Get Type 4<<

>>Get Name 'S7'<<

6251
>>Get Type 4<<

>>Get Name 'S9'<<

6247
>>Get Type 4<<

>>Get Name 'S10'<<

95288
>>Get Type 10<<

>>Get Name 'DINskinne-modul'<<

9303
>>Get Type 1<<

>>Get Name '3D printer'<<

18732
>>Get Type 4<<

>>Get Name 'H√∏jre'<<

6274

>>Get Type 4<<

>>Get Name 'Venstre'<<

Scanning complete:olskjaer.dk
Scanning:5.103.247.233
>>Login Ok<<

>>Get Devices 91097, 91092, 88754, 88744, 88748, 91090, 88733, 88739, 88763, 91091, 88764, 88758, 88753, 88749, 88769, 91099, 85677, 88780, 91096, 88771, 88773, 88768, 91095, 88759, 88738, 90615, 90618, 91627, 91566, 91572, 91575, 91574, 91571, 85674, 91093, 86034, 52858, 84896, 52703<<

91097
>>Get Type 1<<

>>Get Name 'Loftlampe'<<

91092
>>Get Type 1<<

>>Get Name 'Loftlampe'<<

88754
>>Get Type 4<<

>>Get Name 'Babyalarm'<<

88744
>>Get Type 4<<

>>Get Name 'Natlampe'<<

88748
>>Get Type 4<<

>>Get Name 'Julelys ude'<<

91090
>>Get Type 1<<

>>Get Name 'Loftlampe'<<

88733
>>Get Type 4<<

>>Get Name 'Natlampe'<<

88739
>>Get Type 4<<

>>Get Name 'H√∏jttaler'<<

88763
>>Get Type 4<<

>>Get Name 'Bordlampe'<<

91091
>>Get Type 1<<

>>Get Name 'Loftlampe'<<

88764
>>Get Type 4<<

>>Get Name 'T√∏rretumbler'<<

88758
>>Get Type 4<<

>>Get Name 'Bordlampe'<<

88753
>>Get Type 4<<

>>Get Name 'Subwoofer h.'<<

88749
>>Get Type 4<<

>>Get Name 'Subwoofer v.'<<

88769
>>Get Type 4<<

>>Get Name 'Firkanten'<<

91099
>>Get Type 1<<

>>Get Name 'Spisebordslampe'<<

85677
>>Get Type 1<<

>>Get Name 'Vipp Vask'<<

88780
>>Get Type 4<<

>>Get Name 'Fjernsyn'<<

91096
>>Get Type 1<<

>>Get Name 'Loftlampe'<<

88771
>>Get Type 4<<

>>Get Name 'Vaskemaskine'<<

88773
>>Get Type 4<<

>>Get Name 'Stik Malene'<<

88768
>>Get Type 4<<

>>Get Name 'Stik Morten'<<

91095
>>Get Type 1<<

>>Get Name 'Loftlampe'<<

88759
>>Get Type 4<<

>>Get Name 'Vink√∏leskab'<<

88738
>>Get Type 4<<

>>Get Name 'Opladning'<<

90615
>>Get Type 1<<

>>Get Name 'Vipp H√∏jre'<<

90618
>>Get Type 1<<

>>Get Name 'Vipp Venstre'<<

91627
>>Get Type 10<<

>>Get Name 'Spot indgang'<<

91566
>>Get Type 10<<

>>Get Name 'Spot'<<

91572
>>Get Type 10<<

>>Get Name 'Spot'<<

91575
>>Get Type 10<<

>>Get Name 'Spot'<<

91574
>>Get Type 10<<

>>Get Name 'Spot'<<

91571
>>Get Type 10<<

>>Get Name 'Spot'<<

85674
>>Get Type 1<<

>>Get Name 'Vipp Spiseplads'<<

91093
>>Get Type 1<<

>>Get Name 'Lamper'<<

86034
>>Get Type 9<<

>>Get Name 'Udend√∏rs lampe'<<

52858
>>Get Type 4<<

>>Get Name 'Kaffemaskine'<<

84896
>>Get Type 4<<

>>Get Name 'TaHoma'<<

52703

>>Get Type 4<<

>>Get Name 'Apple TV + PS4'<<

Scanning complete:5.103.247.233
Scanning:
Scanning:
Scanning:
Scanning:
